<?xml version="1.0" encoding="UTF-8"?>
<!-- Generated by org.testng.reporters.JUnitReportReporter -->
<testsuite skipped="0" hostname="41fd7c2f0062" name="com.serachmodule.com.SearchTest" tests="2" failures="0" timestamp="2020-07-04T15:54:58 GMT" time="14.927" errors="0">
  <testcase name="search" time="7.712" classname="com.serachmodule.com.SearchTest"/>
  <system-out/>
  <testcase name="search" time="7.215" classname="com.serachmodule.com.SearchTest"/>
  <system-out/>
</testsuite> <!-- com.serachmodule.com.SearchTest -->
