<?xml version="1.0" encoding="UTF-8"?>
<!-- Generated by org.testng.reporters.JUnitReportReporter -->
<testsuite skipped="0" hostname="a472cf56455c" name="com.serachmodule.com.SearchTest" tests="2" failures="0" timestamp="2020-07-05T11:14:09 GMT" time="56.777" errors="0">
  <testcase name="search" time="29.137" classname="com.serachmodule.com.SearchTest"/>
  <system-out/>
  <testcase name="search" time="27.640" classname="com.serachmodule.com.SearchTest"/>
  <system-out/>
</testsuite> <!-- com.serachmodule.com.SearchTest -->
