<?xml version="1.0" encoding="UTF-8"?>
<!-- Generated by org.testng.reporters.JUnitReportReporter -->
<testsuite skipped="0" hostname="2d51685f645f" name="com.serachmodule.com.SearchTest" tests="2" failures="0" timestamp="2020-07-04T21:44:38 GMT" time="22.154" errors="0">
  <testcase name="search" time="11.634" classname="com.serachmodule.com.SearchTest"/>
  <system-out/>
  <testcase name="search" time="10.520" classname="com.serachmodule.com.SearchTest"/>
  <system-out/>
</testsuite> <!-- com.serachmodule.com.SearchTest -->
