<?xml version="1.0" encoding="UTF-8"?>
<!-- Generated by org.testng.reporters.JUnitReportReporter -->
<testsuite skipped="0" hostname="bc304d7b91f9" name="tests.BookFlightTest" tests="10" failures="0" timestamp="2020-07-05T16:06:59 GMT" time="75.906" errors="0">
  <testcase name="flightsDetailsPage" time="4.624" classname="tests.BookFlightTest"/>
  <system-out/>
  <testcase name="flightCOnfirmationPage" time="4.371" classname="tests.BookFlightTest"/>
  <system-out/>
  <testcase name="registrationPageTest" time="18.948" classname="tests.BookFlightTest"/>
  <system-out/>
  <testcase name="registrationPageTest" time="13.809" classname="tests.BookFlightTest"/>
  <system-out/>
  <testcase name="registrationConformationPage" time="2.620" classname="tests.BookFlightTest"/>
  <system-out/>
  <testcase name="findFlightPage" time="10.450" classname="tests.BookFlightTest"/>
  <system-out/>
  <testcase name="flightsDetailsPage" time="3.762" classname="tests.BookFlightTest"/>
  <system-out/>
  <testcase name="flightCOnfirmationPage" time="4.823" classname="tests.BookFlightTest"/>
  <system-out/>
  <testcase name="registrationConformationPage" time="4.131" classname="tests.BookFlightTest"/>
  <system-out/>
  <testcase name="findFlightPage" time="8.368" classname="tests.BookFlightTest"/>
  <system-out/>
</testsuite> <!-- tests.BookFlightTest -->
