<?xml version="1.0" encoding="UTF-8"?>
<!-- Generated by org.testng.reporters.JUnitReportReporter -->
<testsuite skipped="0" hostname="3b57d455d8a1" name="com.serachmodule.com.SearchTest" tests="2" failures="0" timestamp="2020-07-05T16:07:27 GMT" time="77.762" errors="0">
  <testcase name="search" time="19.746" classname="com.serachmodule.com.SearchTest"/>
  <system-out/>
  <testcase name="search" time="58.016" classname="com.serachmodule.com.SearchTest"/>
  <system-out/>
</testsuite> <!-- com.serachmodule.com.SearchTest -->
